Start testing: Jul 22 17:40 ACST
----------------------------------------------------------
1/1 Testing: rna-transcription_test
1/1 Test: rna-transcription_test
Command: "/home/jono/Projects/exercism-solutions/fortran/rna-transcription/build/rna-transcription"
Directory: /home/jono/Projects/exercism-solutions/fortran/rna-transcription/build
"rna-transcription_test" start time: Jul 22 17:40 ACST
Output:
----------------------------------------------------------
 Test summary: 0 of 6 tests failed
STOP 0
<end of output>
Test time =   0.00 sec
----------------------------------------------------------
Test Passed.
"rna-transcription_test" end time: Jul 22 17:40 ACST
"rna-transcription_test" time elapsed: 00:00:00
----------------------------------------------------------

End testing: Jul 22 17:40 ACST
