<?xml version='1.0' encoding='UTF-8'?>
<testsuite hostname="pop-os" name="CircularBufferTest" tests="14" errors="0" failures="0" skipped="0" time="0.03" timestamp="2024-03-10T10:11:21">
          <properties>
[...]
</properties>
          <testcase classname="CircularBufferTest" name="Reading empty buffer should fail" time="0.016">
                      
                    </testcase><testcase classname="CircularBufferTest" name="Can read an item just written" time="0.009">
                      
                    </testcase><testcase classname="CircularBufferTest" name="Each item may only be read once" time="0.001">
                      
                    </testcase><testcase classname="CircularBufferTest" name="Items are read in the order they are written" time="0.001">
                      
                    </testcase><testcase classname="CircularBufferTest" name="Full buffer can't be written to" time="0.001">
                      
                    </testcase><testcase classname="CircularBufferTest" name="A read frees up capacity for another write" time="0.0">
                      
                    </testcase><testcase classname="CircularBufferTest" name="Read position is maintained even across multiple writes" time="0.0">
                      
                    </testcase><testcase classname="CircularBufferTest" name="Items cleared out of buffer can't be read" time="0.0">
                      
                    </testcase><testcase classname="CircularBufferTest" name="Clear frees up capacity for another write" time="0.001">
                      
                    </testcase><testcase classname="CircularBufferTest" name="Clear does nothing on empty buffer" time="0.0">
                      
                    </testcase><testcase classname="CircularBufferTest" name="Overwrite acts like write on non-full buffer" time="0.0">
                      
                    </testcase><testcase classname="CircularBufferTest" name="Overwrite replaces the oldest item on full buffer" time="0.0">
                      
                    </testcase><testcase classname="CircularBufferTest" name="Overwrite replaces the oldest item remaining in buffer following a read" time="0.0">
                      
                    </testcase><testcase classname="CircularBufferTest" name="Initial clear does not affect wrapping around" time="0.001">
                      
                    </testcase>
          <system-out><![CDATA[]]></system-out>
          <system-err><![CDATA[]]></system-err>
        </testsuite>